<?xml version="1.0" encoding="UTF-8"?>
<!-- Generated by org.testng.reporters.JUnitXMLReporter -->
<testsuite ignored="0" hostname="dcasillas-mac" failures="1" tests="1" name="Test" time="7.812" errors="0" timestamp="2023-02-24T16:45:44 CST">
  <testcase classname="testSuites.HomePageTestSuite" name="validatePercyLink" time="1.174">
    <failure type="java.lang.AssertionError" message="expected [Percyguigu] but found [Percy]">
      <![CDATA[java.lang.AssertionError: expected [Percyguigu] but found [Percy]
at testSuites.HomePageTestSuite.validatePercyLink(HomePageTestSuite.java:32)
at java.base/java.util.ArrayList.forEach(ArrayList.java:1511)
... Removed 33 stack frames]]>
    </failure>
  </testcase> <!-- validatePercyLink -->
</testsuite> <!-- Test -->
