<?xml version="1.0" encoding="UTF-8"?>
<testng-results ignored="0" total="1" passed="0" failed="1" skipped="0">
  <reporter-output>
  </reporter-output>
  <suite started-at="2023-02-24T16:45:36 CST" name="Suite" finished-at="2023-02-24T16:45:44 CST" duration-ms="7812">
    <groups>
    </groups>
    <test started-at="2023-02-24T16:45:36 CST" name="Test" finished-at="2023-02-24T16:45:44 CST" duration-ms="7812">
      <class name="testSuites.HomePageTestSuite">
        <test-method is-config="true" signature="setUp()[pri:0, instance:testSuites.HomePageTestSuite@1500b2f3]" started-at="2023-02-24T16:45:36 CST" name="setUp" finished-at="2023-02-24T16:45:41 CST" duration-ms="5073" status="PASS">
          <reporter-output>
          </reporter-output>
        </test-method> <!-- setUp -->
        <test-method signature="validatePercyLink()[pri:0, instance:testSuites.HomePageTestSuite@1500b2f3]" started-at="2023-02-24T16:45:41 CST" name="validatePercyLink" finished-at="2023-02-24T16:45:43 CST" duration-ms="1174" status="FAIL">
          <exception class="java.lang.AssertionError">
            <message>
              <![CDATA[expected [Percyguigu] but found [Percy]]]>
            </message>
            <full-stacktrace>
              <![CDATA[java.lang.AssertionError: expected [Percyguigu] but found [Percy]
at org.testng.Assert.fail(Assert.java:99)
at org.testng.Assert.failNotEquals(Assert.java:1037)
at org.testng.Assert.assertEqualsImpl(Assert.java:140)
at org.testng.Assert.assertEquals(Assert.java:122)
at org.testng.Assert.assertEquals(Assert.java:629)
at org.testng.Assert.assertEquals(Assert.java:639)
at testSuites.HomePageTestSuite.validatePercyLink(HomePageTestSuite.java:32)
at java.base/jdk.internal.reflect.NativeMethodAccessorImpl.invoke0(Native Method)
at java.base/jdk.internal.reflect.NativeMethodAccessorImpl.invoke(NativeMethodAccessorImpl.java:78)
at java.base/jdk.internal.reflect.DelegatingMethodAccessorImpl.invoke(DelegatingMethodAccessorImpl.java:43)
at java.base/java.lang.reflect.Method.invoke(Method.java:567)
at org.testng.internal.MethodInvocationHelper.invokeMethod(MethodInvocationHelper.java:133)
at org.testng.internal.TestInvoker.invokeMethod(TestInvoker.java:598)
at org.testng.internal.TestInvoker.invokeTestMethod(TestInvoker.java:173)
at org.testng.internal.MethodRunner.runInSequence(MethodRunner.java:46)
at org.testng.internal.TestInvoker$MethodInvocationAgent.invoke(TestInvoker.java:824)
at org.testng.internal.TestInvoker.invokeTestMethods(TestInvoker.java:146)
at org.testng.internal.TestMethodWorker.invokeTestMethods(TestMethodWorker.java:146)
at org.testng.internal.TestMethodWorker.run(TestMethodWorker.java:128)
at java.base/java.util.ArrayList.forEach(ArrayList.java:1511)
at org.testng.TestRunner.privateRun(TestRunner.java:794)
at org.testng.TestRunner.run(TestRunner.java:596)
at org.testng.SuiteRunner.runTest(SuiteRunner.java:377)
at org.testng.SuiteRunner.runSequentially(SuiteRunner.java:371)
at org.testng.SuiteRunner.privateRun(SuiteRunner.java:332)
at org.testng.SuiteRunner.run(SuiteRunner.java:276)
at org.testng.SuiteRunnerWorker.runSuite(SuiteRunnerWorker.java:53)
at org.testng.SuiteRunnerWorker.run(SuiteRunnerWorker.java:96)
at org.testng.TestNG.runSuitesSequentially(TestNG.java:1212)
at org.testng.TestNG.runSuitesLocally(TestNG.java:1134)
at org.testng.TestNG.runSuites(TestNG.java:1063)
at org.testng.TestNG.run(TestNG.java:1031)
at org.testng.remote.AbstractRemoteTestNG.run(AbstractRemoteTestNG.java:115)
at org.testng.remote.RemoteTestNG.initAndRun(RemoteTestNG.java:251)
at org.testng.remote.RemoteTestNG.main(RemoteTestNG.java:77)
]]>
            </full-stacktrace>
          </exception> <!-- java.lang.AssertionError -->
          <reporter-output>
          </reporter-output>
        </test-method> <!-- validatePercyLink -->
        <test-method is-config="true" signature="tearDown(org.testng.ITestResult)[pri:0, instance:testSuites.HomePageTestSuite@1500b2f3]" started-at="2023-02-24T16:45:43 CST" name="tearDown" finished-at="2023-02-24T16:45:44 CST" duration-ms="1261" status="PASS">
          <params>
            <param index="0">
              <value>
                <![CDATA[[TestResult name=validatePercyLink status=FAILURE method=HomePageTestSuite.validatePercyLink()[pri:0, instance:testSuites.HomePageTestSuite@1500b2f3] output={null}]]]>
              </value>
            </param>
          </params>
          <reporter-output>
          </reporter-output>
        </test-method> <!-- tearDown -->
      </class> <!-- testSuites.HomePageTestSuite -->
    </test> <!-- Test -->
  </suite> <!-- Suite -->
</testng-results>
